[2024-10-11 11:32:45] Colissimo_2_1_7_Install.INFO: Table services created. [] []
[2024-10-11 11:32:45] Colissimo_2_1_7_Install.INFO: Table order created. [] []
[2024-10-11 11:32:45] Colissimo_2_1_7_Install.INFO: Table label created. [] []
[2024-10-11 11:32:45] Colissimo_2_1_7_Install.INFO: Table label_product created. [] []
[2024-10-11 11:32:45] Colissimo_2_1_7_Install.INFO: Table deposit_slip created. [] []
[2024-10-11 11:32:45] Colissimo_2_1_7_Install.INFO: Table pickup_point created. [] []
[2024-10-11 11:32:45] Colissimo_2_1_7_Install.INFO: Table cart_pickup_point created. [] []
[2024-10-11 11:32:45] Colissimo_2_1_7_Install.INFO: Table shipment_tracking created. [] []
[2024-10-11 11:32:45] Colissimo_2_1_7_Install.INFO: Table tracking_code created. [] []
[2024-10-11 11:32:45] Colissimo_2_1_7_Install.INFO: Table mailbox_return created. [] []
[2024-10-11 11:32:45] Colissimo_2_1_7_Install.INFO: Table custom_category created. [] []
[2024-10-11 11:32:45] Colissimo_2_1_7_Install.INFO: Table custom_product created. [] []
[2024-10-11 11:32:45] Colissimo_2_1_7_Install.INFO: Table custom_document created. [] []
[2024-10-11 11:32:45] Colissimo_2_1_7_Install.INFO: Table address created. [] []
[2024-10-11 11:32:45] Colissimo_2_1_7_Install.INFO: Creating carrier SANS_SIGNATURE [] []
[2024-10-11 11:32:45] Colissimo_2_1_7_Install.INFO: Creating carrier AVEC_SIGNATURE [] []
[2024-10-11 11:32:45] Colissimo_2_1_7_Install.INFO: Creating carrier RELAIS [] []
[2024-10-11 11:32:45] Colissimo_2_1_7_Install.INFO: Creating carrier ECO_OUTRE_MER [] []
[2024-10-11 11:32:46] Colissimo_2_1_7_Install.INFO: Services from CSV {"csv":{"SANS_SIGNATURE":[{"product_code":"DOM","commercial_name":"FR - DOMICILE sans signature","destination_type":"FRANCE","is_signature":"0","is_pickup":"0","is_return":"0"},{"product_code":"COM","commercial_name":"OM - DOMICILE sans signature","destination_type":"OM","is_signature":"0","is_pickup":"0","is_return":"0"},{"product_code":"DOM","commercial_name":"EU - DOMICILE sans signature","destination_type":"EUROPE","is_signature":"0","is_pickup":"0","is_return":"0"},{"product_code":"COLD","commercial_name":"DOM - DOMICILE sans signature","destination_type":"INTRA_DOM","is_signature":"0","is_pickup":"0","is_return":"0"}],"AVEC_SIGNATURE":[{"product_code":"DOS","commercial_name":"FR - DOMICILE avec signature","destination_type":"FRANCE","is_signature":"1","is_pickup":"0","is_return":"0"},{"product_code":"CDS","commercial_name":"OM - DOMICILE avec signature","destination_type":"OM","is_signature":"1","is_pickup":"0","is_return":"0"},{"product_code":"DOS","commercial_name":"EU - DOMICILE avec signature","destination_type":"EUROPE","is_signature":"1","is_pickup":"0","is_return":"0"},{"product_code":"DOS","commercial_name":"INT - DOMICILE avec signature","destination_type":"WORLDWIDE","is_signature":"1","is_pickup":"0","is_return":"0"},{"product_code":"COL","commercial_name":"DOM - DOMICILE avec signature","destination_type":"INTRA_DOM","is_signature":"1","is_pickup":"0","is_return":"0"}],"RELAIS":[{"product_code":"BPR","commercial_name":"FR - POINT RETRAIT","destination_type":"FRANCE","is_signature":"0","is_pickup":"1","is_return":"0"},{"product_code":"A2P","commercial_name":"FR - POINT RETRAIT","destination_type":"FRANCE","is_signature":"0","is_pickup":"1","is_return":"0"},{"product_code":"BDP","commercial_name":"EU - POINT RETRAIT","destination_type":"EUROPE","is_signature":"0","is_pickup":"1","is_return":"0"},{"product_code":"CMT","commercial_name":"EU - POINT RETRAIT","destination_type":"EUROPE","is_signature":"0","is_pickup":"1","is_return":"0"},{"product_code":"PCS","commercial_name":"EU - POINT RETRAIT","destination_type":"EUROPE","is_signature":"0","is_pickup":"1","is_return":"0"}],"RETOUR":[{"product_code":"CORE","commercial_name":"RETOUR FRANCE","destination_type":"FRANCE","is_signature":"0","is_pickup":"0","is_return":"1"},{"product_code":"CORI","commercial_name":"RETOUR OUTRE MER","destination_type":"OM","is_signature":"0","is_pickup":"0","is_return":"1"},{"product_code":"CORI","commercial_name":"RETOUR INTERNATIONAL","destination_type":"WORLDWIDE","is_signature":"0","is_pickup":"0","is_return":"1"}],"ECO_OUTRE_MER":[{"product_code":"ECO","commercial_name":"OM - ECO OUTRE MER","destination_type":"OM","is_signature":"0","is_pickup":"0","is_return":"0"}]}} []
[2024-10-11 11:32:46] Colissimo_2_1_7_Install.INFO: Saved service SANS_SIGNATURE: 1 [] []
[2024-10-11 11:32:46] Colissimo_2_1_7_Install.INFO: Saved service SANS_SIGNATURE: 2 [] []
[2024-10-11 11:32:46] Colissimo_2_1_7_Install.INFO: Saved service SANS_SIGNATURE: 3 [] []
[2024-10-11 11:32:46] Colissimo_2_1_7_Install.INFO: Saved service SANS_SIGNATURE: 4 [] []
[2024-10-11 11:32:46] Colissimo_2_1_7_Install.INFO: Saved service AVEC_SIGNATURE: 5 [] []
[2024-10-11 11:32:46] Colissimo_2_1_7_Install.INFO: Saved service AVEC_SIGNATURE: 6 [] []
[2024-10-11 11:32:46] Colissimo_2_1_7_Install.INFO: Saved service AVEC_SIGNATURE: 7 [] []
[2024-10-11 11:32:46] Colissimo_2_1_7_Install.INFO: Saved service AVEC_SIGNATURE: 8 [] []
[2024-10-11 11:32:46] Colissimo_2_1_7_Install.INFO: Saved service AVEC_SIGNATURE: 9 [] []
[2024-10-11 11:32:46] Colissimo_2_1_7_Install.INFO: Saved service RELAIS: 10 [] []
[2024-10-11 11:32:46] Colissimo_2_1_7_Install.INFO: Saved service RELAIS: 11 [] []
[2024-10-11 11:32:46] Colissimo_2_1_7_Install.INFO: Saved service RELAIS: 12 [] []
[2024-10-11 11:32:46] Colissimo_2_1_7_Install.INFO: Saved service RELAIS: 13 [] []
[2024-10-11 11:32:46] Colissimo_2_1_7_Install.INFO: Saved service RELAIS: 14 [] []
[2024-10-11 11:32:46] Colissimo_2_1_7_Install.INFO: Saved service RETOUR: 15 [] []
[2024-10-11 11:32:46] Colissimo_2_1_7_Install.INFO: Saved service RETOUR: 16 [] []
[2024-10-11 11:32:46] Colissimo_2_1_7_Install.INFO: Saved service RETOUR: 17 [] []
[2024-10-11 11:32:46] Colissimo_2_1_7_Install.INFO: Saved service ECO_OUTRE_MER: 18 [] []
[2024-10-11 11:32:46] Colissimo_2_1_7_Install.INFO: Tracking codes created. 0 errors thrown. [] []
[2024-10-11 11:44:22] Colissimo_2_1_7_Dashboard.INFO: Update tracking up to 15 days ago. [] []
[2024-10-11 11:48:04] Colissimo_2_1_7_Dashboard.INFO: Update tracking up to 15 days ago. [] []
[2024-10-11 11:48:09] Colissimo_2_1_7_Dashboard.INFO: Update tracking up to 15 days ago. [] []
[2024-10-11 11:48:13] Colissimo_2_1_7_Affranchissement.ERROR: Exception thrown: Bad HTTP code: 401 [] []
[2024-10-11 11:48:44] Colissimo_2_1_7_Dashboard.INFO: Update tracking up to 15 days ago. [] []
[2024-10-11 13:10:10] Colissimo_2_1_7_Affranchissement.ERROR: Exception thrown: Bad HTTP code: 401 [] []
[2024-10-11 13:10:59] Colissimo_2_1_7_OrdersMassAssignment.ERROR: Cannot associate the order AIFYCWQUQ to Colissimo SANS_SIGNATURE, Service not found [] []
[2024-10-11 13:10:59] Colissimo_2_1_7_OrdersMassAssignment.INFO: The Order AIFYCWQUQ has been successfully associated to Colissimo SANS_SIGNATURE [] []
[2024-10-11 13:11:14] Colissimo_2_1_7_Affranchissement.ERROR: Exception thrown: Bad HTTP code: 401 [] []
[2024-10-11 13:11:21] Colissimo_2_1_7_Affranchissement.ERROR: Exception thrown: Bad HTTP code: 401 [] []
[2024-10-11 13:11:26] Colissimo_2_1_7_FrontWidgetToken.ERROR: Notice: Undefined index: token [] []
[2024-10-11 13:11:36] Colissimo_2_1_7_Affranchissement.ERROR: Exception thrown: Bad HTTP code: 401 [] []
[2024-10-11 13:13:21] Colissimo_2_1_7_OrdersMassAssignment.ERROR: Cannot associate the order JFVKLCAXT to Colissimo SANS_SIGNATURE, Service not found [] []
[2024-10-11 13:13:21] Colissimo_2_1_7_OrdersMassAssignment.INFO: The Order JFVKLCAXT has been successfully associated to Colissimo SANS_SIGNATURE [] []
[2024-10-11 13:13:21] Colissimo_2_1_7_OrdersMassAssignment.ERROR: Cannot associate the order DPJUSLEOE to Colissimo SANS_SIGNATURE, Service not found [] []
[2024-10-11 13:13:21] Colissimo_2_1_7_OrdersMassAssignment.INFO: The Order DPJUSLEOE has been successfully associated to Colissimo SANS_SIGNATURE [] []
[2024-10-11 13:13:21] Colissimo_2_1_7_OrdersMassAssignment.ERROR: Cannot associate the order ZDWASSFAG to Colissimo SANS_SIGNATURE, Service not found [] []
[2024-10-11 13:13:21] Colissimo_2_1_7_OrdersMassAssignment.INFO: The Order ZDWASSFAG has been successfully associated to Colissimo SANS_SIGNATURE [] []
[2024-10-11 13:13:30] Colissimo_2_1_7_Affranchissement.ERROR: Exception thrown: Bad HTTP code: 401 [] []
[2024-10-11 13:13:44] Colissimo_2_1_7_Affranchissement.ERROR: Exception thrown: Bad HTTP code: 401 [] []
[2024-10-11 13:15:10] Colissimo_2_1_7_FrontWidgetToken.ERROR: Notice: Undefined index: token [] []
[2024-10-11 13:16:18] Colissimo_2_1_7_Affranchissement.INFO: Order #10 (JFVKLCAXT) - Generate label [] []
[2024-10-11 13:16:18] Colissimo_2_1_7_Affranchissement.INFO: Order #10 (JFVKLCAXT) - Shipping type: HOME DELIVERY [] []
[2024-10-11 13:16:18] Colissimo_2_1_7_Affranchissement.INFO: Order #10 (JFVKLCAXT) - Request {"request":{"contractNumber":"*****","password":"*****","outputFormat":{"x":0,"y":0,"outputPrintingType":"PDF_A4_300dpi"},"letter":{"service":{"productCode":"DOS","depositDate":"2024-10-11","transportationAmount":1,"orderNumber":"JFVKLCAXT"},"parcel":{"weight":"0.9"},"sender":{"senderParcelRef":"JFVKLCAXT","address":{"companyName":"Axelweb","lastName":"Paillaud","firstName":"Paillaud","line0":"","line1":"","line2":"2 All\u00e9e du Grand Coquille","line3":"","countryCode":"FR","city":"Saint-Jean-de-Braye","zipCode":"45800","phoneNumber":"+33671007241","email":"contact@axelweb.fr"}},"addressee":{"addresseeParcelRef":"JFVKLCAXT","codeBarForReference":true,"address":{"companyName":"Axelweb","lastName":"Web","firstName":"Axel","line2":"2 All\u00e9e du Grand Coquille","line3":"","countryCode":"FR","city":"Saint-Jean-de-Braye","zipCode":"45800","phoneNumber":"0671007241","doorCode1":null,"doorCode2":null,"mobileNumber":"","email":"test@example.com"}}},"fields":{"customField":[{"key":"CUSER_INFO_TEXT","value":"PS1.7.8.11;2.1.7"},{"key":"CUSER_INFO_TEXT_3","value":"PRESTASHOP"},{"key":"EORI","value":false},{"key":"LENGTH","value":""},{"key":"WIDTH","value":""},{"key":"HEIGHT","value":""},{"key":"OUTPUT_PRINT_TYPE_CN23","value":"PDF_A4_300dpi"}]}}} []
[2024-10-11 13:16:18] Colissimo_2_1_7_Affranchissement.INFO: Order #10 (JFVKLCAXT) - Response {"response":{"messages":[{"id":"30000","type":"ERROR","messageContent":"Identifiant ou mot de passe incorrect"}],"labelXmlV2Reponse":null,"labelV2Response":null}} []
[2024-10-11 13:16:18] Colissimo_2_1_7_Affranchissement.ERROR: Exception thrown: Identifiant ou mot de passe incorrect {"details":[{"id":"30000","type":"ERROR","messageContent":"Identifiant ou mot de passe incorrect"}]} []
[2024-10-11 13:16:18] Colissimo_2_1_7_Affranchissement.ERROR: Exception throw while generating label. "30000 (ERROR) - Identifiant ou mot de passe incorrect" []
[2024-10-11 13:16:18] Colissimo_2_1_7_Affranchissement.INFO: Order #9 (DPJUSLEOE) - Generate label [] []
[2024-10-11 13:16:18] Colissimo_2_1_7_Affranchissement.INFO: Order #9 (DPJUSLEOE) - Shipping type: HOME DELIVERY [] []
[2024-10-11 13:16:18] Colissimo_2_1_7_Affranchissement.INFO: Order #9 (DPJUSLEOE) - Request {"request":{"contractNumber":"*****","password":"*****","outputFormat":{"x":0,"y":0,"outputPrintingType":"PDF_A4_300dpi"},"letter":{"service":{"productCode":"DOM","depositDate":"2024-10-11","transportationAmount":1,"orderNumber":"DPJUSLEOE"},"parcel":{"weight":"2.1"},"sender":{"senderParcelRef":"DPJUSLEOE","address":{"companyName":"Axelweb","lastName":"Paillaud","firstName":"Paillaud","line0":"","line1":"","line2":"2 All\u00e9e du Grand Coquille","line3":"","countryCode":"FR","city":"Saint-Jean-de-Braye","zipCode":"45800","phoneNumber":"+33671007241","email":"contact@axelweb.fr"}},"addressee":{"addresseeParcelRef":"DPJUSLEOE","codeBarForReference":true,"address":{"companyName":"Axelweb","lastName":"Web","firstName":"Axel","line2":"2 All\u00e9e du Grand Coquille","line3":"","countryCode":"FR","city":"Saint-Jean-de-Braye","zipCode":"45800","phoneNumber":"0671007241","doorCode1":null,"doorCode2":null,"mobileNumber":"","email":"test@example.com"}}},"fields":{"customField":[{"key":"CUSER_INFO_TEXT","value":"PS1.7.8.11;2.1.7"},{"key":"CUSER_INFO_TEXT_3","value":"PRESTASHOP"},{"key":"EORI","value":false},{"key":"LENGTH","value":""},{"key":"WIDTH","value":""},{"key":"HEIGHT","value":""},{"key":"OUTPUT_PRINT_TYPE_CN23","value":"PDF_A4_300dpi"}]}}} []
[2024-10-11 13:16:18] Colissimo_2_1_7_Affranchissement.INFO: Order #9 (DPJUSLEOE) - Response {"response":{"messages":[{"id":"30000","type":"ERROR","messageContent":"Identifiant ou mot de passe incorrect"}],"labelXmlV2Reponse":null,"labelV2Response":null}} []
[2024-10-11 13:16:18] Colissimo_2_1_7_Affranchissement.ERROR: Exception thrown: Identifiant ou mot de passe incorrect {"details":[{"id":"30000","type":"ERROR","messageContent":"Identifiant ou mot de passe incorrect"}]} []
[2024-10-11 13:16:18] Colissimo_2_1_7_Affranchissement.ERROR: Exception throw while generating label. "30000 (ERROR) - Identifiant ou mot de passe incorrect" []
[2024-10-11 13:16:18] Colissimo_2_1_7_Affranchissement.INFO: Order #7 (AIFYCWQUQ) - Generate label [] []
[2024-10-11 13:16:18] Colissimo_2_1_7_Affranchissement.INFO: Order #7 (AIFYCWQUQ) - Shipping type: HOME DELIVERY [] []
[2024-10-11 13:16:18] Colissimo_2_1_7_Affranchissement.INFO: Order #7 (AIFYCWQUQ) - Request {"request":{"contractNumber":"*****","password":"*****","outputFormat":{"x":0,"y":0,"outputPrintingType":"PDF_A4_300dpi"},"letter":{"service":{"productCode":"DOS","depositDate":"2024-10-11","transportationAmount":1,"orderNumber":"AIFYCWQUQ"},"parcel":{"weight":"0.9"},"sender":{"senderParcelRef":"AIFYCWQUQ","address":{"companyName":"Axelweb","lastName":"Paillaud","firstName":"Paillaud","line0":"","line1":"","line2":"2 All\u00e9e du Grand Coquille","line3":"","countryCode":"FR","city":"Saint-Jean-de-Braye","zipCode":"45800","phoneNumber":"+33671007241","email":"contact@axelweb.fr"}},"addressee":{"addresseeParcelRef":"AIFYCWQUQ","codeBarForReference":true,"address":{"companyName":"Axelweb","lastName":"Web","firstName":"Axel","line2":"2 All\u00e9e du Grand Coquille","line3":"","countryCode":"FR","city":"Saint-Jean-de-Braye","zipCode":"45800","phoneNumber":"0671007241","doorCode1":null,"doorCode2":null,"mobileNumber":"","email":"test@example.com"}}},"fields":{"customField":[{"key":"CUSER_INFO_TEXT","value":"PS1.7.8.11;2.1.7"},{"key":"CUSER_INFO_TEXT_3","value":"PRESTASHOP"},{"key":"EORI","value":false},{"key":"LENGTH","value":""},{"key":"WIDTH","value":""},{"key":"HEIGHT","value":""},{"key":"OUTPUT_PRINT_TYPE_CN23","value":"PDF_A4_300dpi"}]}}} []
[2024-10-11 13:16:18] Colissimo_2_1_7_Affranchissement.INFO: Order #7 (AIFYCWQUQ) - Response {"response":{"messages":[{"id":"30000","type":"ERROR","messageContent":"Identifiant ou mot de passe incorrect"}],"labelXmlV2Reponse":null,"labelV2Response":null}} []
[2024-10-11 13:16:18] Colissimo_2_1_7_Affranchissement.ERROR: Exception thrown: Identifiant ou mot de passe incorrect {"details":[{"id":"30000","type":"ERROR","messageContent":"Identifiant ou mot de passe incorrect"}]} []
[2024-10-11 13:16:18] Colissimo_2_1_7_Affranchissement.ERROR: Exception throw while generating label. "30000 (ERROR) - Identifiant ou mot de passe incorrect" []
[2024-10-11 13:16:19] Colissimo_2_1_7_Affranchissement.INFO: Order #6 (ZDWASSFAG) - Generate label [] []
[2024-10-11 13:16:19] Colissimo_2_1_7_Affranchissement.INFO: Order #6 (ZDWASSFAG) - Shipping type: HOME DELIVERY [] []
[2024-10-11 13:16:19] Colissimo_2_1_7_Affranchissement.INFO: Order #6 (ZDWASSFAG) - Request {"request":{"contractNumber":"*****","password":"*****","outputFormat":{"x":0,"y":0,"outputPrintingType":"PDF_A4_300dpi"},"letter":{"service":{"productCode":"DOM","depositDate":"2024-10-11","transportationAmount":1,"orderNumber":"ZDWASSFAG"},"parcel":{"weight":"0.9"},"sender":{"senderParcelRef":"ZDWASSFAG","address":{"companyName":"Axelweb","lastName":"Paillaud","firstName":"Paillaud","line0":"","line1":"","line2":"2 All\u00e9e du Grand Coquille","line3":"","countryCode":"FR","city":"Saint-Jean-de-Braye","zipCode":"45800","phoneNumber":"+33671007241","email":"contact@axelweb.fr"}},"addressee":{"addresseeParcelRef":"ZDWASSFAG","codeBarForReference":true,"address":{"companyName":"Axelweb","lastName":"Web","firstName":"Axel","line2":"2 All\u00e9e du Grand Coquille","line3":"","countryCode":"FR","city":"Saint-Jean-de-Braye","zipCode":"45800","phoneNumber":"0671007241","doorCode1":null,"doorCode2":null,"mobileNumber":"","email":"test@example.com"}}},"fields":{"customField":[{"key":"CUSER_INFO_TEXT","value":"PS1.7.8.11;2.1.7"},{"key":"CUSER_INFO_TEXT_3","value":"PRESTASHOP"},{"key":"EORI","value":false},{"key":"LENGTH","value":""},{"key":"WIDTH","value":""},{"key":"HEIGHT","value":""},{"key":"OUTPUT_PRINT_TYPE_CN23","value":"PDF_A4_300dpi"}]}}} []
[2024-10-11 13:16:19] Colissimo_2_1_7_Affranchissement.INFO: Order #6 (ZDWASSFAG) - Response {"response":{"messages":[{"id":"30000","type":"ERROR","messageContent":"Identifiant ou mot de passe incorrect"}],"labelXmlV2Reponse":null,"labelV2Response":null}} []
[2024-10-11 13:16:19] Colissimo_2_1_7_Affranchissement.ERROR: Exception thrown: Identifiant ou mot de passe incorrect {"details":[{"id":"30000","type":"ERROR","messageContent":"Identifiant ou mot de passe incorrect"}]} []
[2024-10-11 13:16:19] Colissimo_2_1_7_Affranchissement.ERROR: Exception throw while generating label. "30000 (ERROR) - Identifiant ou mot de passe incorrect" []
[2024-10-11 13:16:29] Colissimo_2_1_7_Affranchissement.INFO: Order #10 (JFVKLCAXT) - Generate label [] []
[2024-10-11 13:16:29] Colissimo_2_1_7_Affranchissement.INFO: Order #10 (JFVKLCAXT) - Shipping type: HOME DELIVERY [] []
[2024-10-11 13:16:29] Colissimo_2_1_7_Affranchissement.INFO: Order #10 (JFVKLCAXT) - Request {"request":{"contractNumber":"*****","password":"*****","outputFormat":{"x":0,"y":0,"outputPrintingType":"PDF_A4_300dpi"},"letter":{"service":{"productCode":"DOS","depositDate":"2024-10-11","transportationAmount":1,"orderNumber":"JFVKLCAXT"},"parcel":{"weight":"0.8999999999999999"},"sender":{"senderParcelRef":"JFVKLCAXT","address":{"companyName":"Axelweb","lastName":"Paillaud","firstName":"Paillaud","line0":"","line1":"","line2":"2 All\u00e9e du Grand Coquille","line3":"","countryCode":"FR","city":"Saint-Jean-de-Braye","zipCode":"45800","phoneNumber":"+33671007241","email":"contact@axelweb.fr"}},"addressee":{"addresseeParcelRef":"JFVKLCAXT","codeBarForReference":true,"address":{"companyName":"Axelweb","lastName":"Web","firstName":"Axel","line2":"2 All\u00e9e du Grand Coquille","line3":"","countryCode":"FR","city":"Saint-Jean-de-Braye","zipCode":"45800","phoneNumber":"0671007241","doorCode1":null,"doorCode2":null,"mobileNumber":"","email":"test@example.com"}}},"fields":{"customField":[{"key":"CUSER_INFO_TEXT","value":"PS1.7.8.11;2.1.7"},{"key":"CUSER_INFO_TEXT_3","value":"PRESTASHOP"},{"key":"EORI","value":false},{"key":"LENGTH","value":""},{"key":"WIDTH","value":""},{"key":"HEIGHT","value":""},{"key":"OUTPUT_PRINT_TYPE_CN23","value":"PDF_A4_300dpi"}]}}} []
[2024-10-11 13:16:29] Colissimo_2_1_7_Affranchissement.INFO: Order #10 (JFVKLCAXT) - Response {"response":{"messages":[{"id":"30000","type":"ERROR","messageContent":"Identifiant ou mot de passe incorrect"}],"labelXmlV2Reponse":null,"labelV2Response":null}} []
[2024-10-11 13:16:29] Colissimo_2_1_7_Affranchissement.ERROR: Exception thrown: Identifiant ou mot de passe incorrect {"details":[{"id":"30000","type":"ERROR","messageContent":"Identifiant ou mot de passe incorrect"}]} []
[2024-10-11 13:16:29] Colissimo_2_1_7_Affranchissement.ERROR: Exception throw while generating label. "30000 (ERROR) - Identifiant ou mot de passe incorrect" []
[2024-10-11 13:16:29] Colissimo_2_1_7_Affranchissement.INFO: Order #9 (DPJUSLEOE) - Generate label [] []
[2024-10-11 13:16:29] Colissimo_2_1_7_Affranchissement.INFO: Order #9 (DPJUSLEOE) - Shipping type: HOME DELIVERY [] []
[2024-10-11 13:16:29] Colissimo_2_1_7_Affranchissement.INFO: Order #9 (DPJUSLEOE) - Request {"request":{"contractNumber":"*****","password":"*****","outputFormat":{"x":0,"y":0,"outputPrintingType":"PDF_A4_300dpi"},"letter":{"service":{"productCode":"DOM","depositDate":"2024-10-11","transportationAmount":1,"orderNumber":"DPJUSLEOE"},"parcel":{"weight":"2.1"},"sender":{"senderParcelRef":"DPJUSLEOE","address":{"companyName":"Axelweb","lastName":"Paillaud","firstName":"Paillaud","line0":"","line1":"","line2":"2 All\u00e9e du Grand Coquille","line3":"","countryCode":"FR","city":"Saint-Jean-de-Braye","zipCode":"45800","phoneNumber":"+33671007241","email":"contact@axelweb.fr"}},"addressee":{"addresseeParcelRef":"DPJUSLEOE","codeBarForReference":true,"address":{"companyName":"Axelweb","lastName":"Web","firstName":"Axel","line2":"2 All\u00e9e du Grand Coquille","line3":"","countryCode":"FR","city":"Saint-Jean-de-Braye","zipCode":"45800","phoneNumber":"0671007241","doorCode1":null,"doorCode2":null,"mobileNumber":"","email":"test@example.com"}}},"fields":{"customField":[{"key":"CUSER_INFO_TEXT","value":"PS1.7.8.11;2.1.7"},{"key":"CUSER_INFO_TEXT_3","value":"PRESTASHOP"},{"key":"EORI","value":false},{"key":"LENGTH","value":""},{"key":"WIDTH","value":""},{"key":"HEIGHT","value":""},{"key":"OUTPUT_PRINT_TYPE_CN23","value":"PDF_A4_300dpi"}]}}} []
[2024-10-11 13:16:29] Colissimo_2_1_7_Affranchissement.INFO: Order #9 (DPJUSLEOE) - Response {"response":{"messages":[{"id":"30000","type":"ERROR","messageContent":"Identifiant ou mot de passe incorrect"}],"labelXmlV2Reponse":null,"labelV2Response":null}} []
[2024-10-11 13:16:29] Colissimo_2_1_7_Affranchissement.ERROR: Exception thrown: Identifiant ou mot de passe incorrect {"details":[{"id":"30000","type":"ERROR","messageContent":"Identifiant ou mot de passe incorrect"}]} []
[2024-10-11 13:16:29] Colissimo_2_1_7_Affranchissement.ERROR: Exception throw while generating label. "30000 (ERROR) - Identifiant ou mot de passe incorrect" []
[2024-10-11 13:16:29] Colissimo_2_1_7_Affranchissement.INFO: Order #7 (AIFYCWQUQ) - Generate label [] []
[2024-10-11 13:16:29] Colissimo_2_1_7_Affranchissement.INFO: Order #7 (AIFYCWQUQ) - Shipping type: HOME DELIVERY [] []
[2024-10-11 13:16:29] Colissimo_2_1_7_Affranchissement.INFO: Order #7 (AIFYCWQUQ) - Request {"request":{"contractNumber":"*****","password":"*****","outputFormat":{"x":0,"y":0,"outputPrintingType":"PDF_A4_300dpi"},"letter":{"service":{"productCode":"DOS","depositDate":"2024-10-11","transportationAmount":1,"orderNumber":"AIFYCWQUQ"},"parcel":{"weight":"0.8999999999999999"},"sender":{"senderParcelRef":"AIFYCWQUQ","address":{"companyName":"Axelweb","lastName":"Paillaud","firstName":"Paillaud","line0":"","line1":"","line2":"2 All\u00e9e du Grand Coquille","line3":"","countryCode":"FR","city":"Saint-Jean-de-Braye","zipCode":"45800","phoneNumber":"+33671007241","email":"contact@axelweb.fr"}},"addressee":{"addresseeParcelRef":"AIFYCWQUQ","codeBarForReference":true,"address":{"companyName":"Axelweb","lastName":"Web","firstName":"Axel","line2":"2 All\u00e9e du Grand Coquille","line3":"","countryCode":"FR","city":"Saint-Jean-de-Braye","zipCode":"45800","phoneNumber":"0671007241","doorCode1":null,"doorCode2":null,"mobileNumber":"","email":"test@example.com"}}},"fields":{"customField":[{"key":"CUSER_INFO_TEXT","value":"PS1.7.8.11;2.1.7"},{"key":"CUSER_INFO_TEXT_3","value":"PRESTASHOP"},{"key":"EORI","value":false},{"key":"LENGTH","value":""},{"key":"WIDTH","value":""},{"key":"HEIGHT","value":""},{"key":"OUTPUT_PRINT_TYPE_CN23","value":"PDF_A4_300dpi"}]}}} []
[2024-10-11 13:16:29] Colissimo_2_1_7_Affranchissement.INFO: Order #7 (AIFYCWQUQ) - Response {"response":{"messages":[{"id":"30000","type":"ERROR","messageContent":"Identifiant ou mot de passe incorrect"}],"labelXmlV2Reponse":null,"labelV2Response":null}} []
[2024-10-11 13:16:29] Colissimo_2_1_7_Affranchissement.ERROR: Exception thrown: Identifiant ou mot de passe incorrect {"details":[{"id":"30000","type":"ERROR","messageContent":"Identifiant ou mot de passe incorrect"}]} []
[2024-10-11 13:16:29] Colissimo_2_1_7_Affranchissement.ERROR: Exception throw while generating label. "30000 (ERROR) - Identifiant ou mot de passe incorrect" []
[2024-10-11 13:16:29] Colissimo_2_1_7_Affranchissement.INFO: Order #6 (ZDWASSFAG) - Generate label [] []
[2024-10-11 13:16:29] Colissimo_2_1_7_Affranchissement.INFO: Order #6 (ZDWASSFAG) - Shipping type: HOME DELIVERY [] []
[2024-10-11 13:16:29] Colissimo_2_1_7_Affranchissement.INFO: Order #6 (ZDWASSFAG) - Request {"request":{"contractNumber":"*****","password":"*****","outputFormat":{"x":0,"y":0,"outputPrintingType":"PDF_A4_300dpi"},"letter":{"service":{"productCode":"DOM","depositDate":"2024-10-11","transportationAmount":1,"orderNumber":"ZDWASSFAG"},"parcel":{"weight":"0.8999999999999999"},"sender":{"senderParcelRef":"ZDWASSFAG","address":{"companyName":"Axelweb","lastName":"Paillaud","firstName":"Paillaud","line0":"","line1":"","line2":"2 All\u00e9e du Grand Coquille","line3":"","countryCode":"FR","city":"Saint-Jean-de-Braye","zipCode":"45800","phoneNumber":"+33671007241","email":"contact@axelweb.fr"}},"addressee":{"addresseeParcelRef":"ZDWASSFAG","codeBarForReference":true,"address":{"companyName":"Axelweb","lastName":"Web","firstName":"Axel","line2":"2 All\u00e9e du Grand Coquille","line3":"","countryCode":"FR","city":"Saint-Jean-de-Braye","zipCode":"45800","phoneNumber":"0671007241","doorCode1":null,"doorCode2":null,"mobileNumber":"","email":"test@example.com"}}},"fields":{"customField":[{"key":"CUSER_INFO_TEXT","value":"PS1.7.8.11;2.1.7"},{"key":"CUSER_INFO_TEXT_3","value":"PRESTASHOP"},{"key":"EORI","value":false},{"key":"LENGTH","value":""},{"key":"WIDTH","value":""},{"key":"HEIGHT","value":""},{"key":"OUTPUT_PRINT_TYPE_CN23","value":"PDF_A4_300dpi"}]}}} []
[2024-10-11 13:16:30] Colissimo_2_1_7_Affranchissement.INFO: Order #6 (ZDWASSFAG) - Response {"response":{"messages":[{"id":"30000","type":"ERROR","messageContent":"Identifiant ou mot de passe incorrect"}],"labelXmlV2Reponse":null,"labelV2Response":null}} []
[2024-10-11 13:16:30] Colissimo_2_1_7_Affranchissement.ERROR: Exception thrown: Identifiant ou mot de passe incorrect {"details":[{"id":"30000","type":"ERROR","messageContent":"Identifiant ou mot de passe incorrect"}]} []
[2024-10-11 13:16:30] Colissimo_2_1_7_Affranchissement.ERROR: Exception throw while generating label. "30000 (ERROR) - Identifiant ou mot de passe incorrect" []
[2024-10-11 13:20:07] Colissimo_2_1_7_Affranchissement.ERROR: Exception thrown: Bad HTTP code: 401 [] []
[2024-10-11 13:20:12] Colissimo_2_1_7_Affranchissement.ERROR: Exception thrown: Bad HTTP code: 401 [] []
